c:\users\出合翔太\desktop\プログラム\directx\shootinggamevermaster\release\vc141.pdb
c:\users\出合翔太\desktop\プログラム\directx\shootinggamevermaster\release\sousa.obj
c:\users\出合翔太\desktop\プログラム\directx\shootinggamevermaster\release\sound.obj
c:\users\出合翔太\desktop\プログラム\directx\shootinggamevermaster\release\score_draw.obj
c:\users\出合翔太\desktop\プログラム\directx\shootinggamevermaster\release\scene.obj
c:\users\出合翔太\desktop\プログラム\directx\shootinggamevermaster\release\rule.obj
c:\users\出合翔太\desktop\プログラム\directx\shootinggamevermaster\release\result.obj
c:\users\出合翔太\desktop\プログラム\directx\shootinggamevermaster\release\player.obj
c:\users\出合翔太\desktop\プログラム\directx\shootinggamevermaster\release\number.obj
c:\users\出合翔太\desktop\プログラム\directx\shootinggamevermaster\release\mydirect3d.obj
c:\users\出合翔太\desktop\プログラム\directx\shootinggamevermaster\release\main.obj
c:\users\出合翔太\desktop\プログラム\directx\shootinggamevermaster\release\input.obj
c:\users\出合翔太\desktop\プログラム\directx\shootinggamevermaster\release\game.obj
c:\users\出合翔太\desktop\プログラム\directx\shootinggamevermaster\release\fade.obj
c:\users\出合翔太\desktop\プログラム\directx\shootinggamevermaster\release\explosion.obj
c:\users\出合翔太\desktop\プログラム\directx\shootinggamevermaster\release\enemylaser.obj
c:\users\出合翔太\desktop\プログラム\directx\shootinggamevermaster\release\enemygenerater.obj
c:\users\出合翔太\desktop\プログラム\directx\shootinggamevermaster\release\enemybullet.obj
c:\users\出合翔太\desktop\プログラム\directx\shootinggamevermaster\release\enemy.obj
c:\users\出合翔太\desktop\プログラム\directx\shootinggamevermaster\release\collision.obj
c:\users\出合翔太\desktop\プログラム\directx\shootinggamevermaster\release\bullet.obj
c:\users\出合翔太\desktop\プログラム\directx\shootinggamevermaster\release\title.obj
c:\users\出合翔太\desktop\プログラム\directx\shootinggamevermaster\release\tilemap.obj
c:\users\出合翔太\desktop\プログラム\directx\shootinggamevermaster\release\texture.obj
c:\users\出合翔太\desktop\プログラム\directx\shootinggamevermaster\release\table.obj
c:\users\出合翔太\desktop\プログラム\directx\shootinggamevermaster\release\sprite.obj
c:\users\出合翔太\desktop\プログラム\directx\shootinggamevermaster\release\shootinggamevermaster.exe
c:\users\出合翔太\desktop\プログラム\directx\shootinggamevermaster\release\shootinggamevermaster.pdb
c:\users\出合翔太\desktop\プログラム\directx\shootinggamevermaster\release\shootinggamevermaster.ipdb
c:\users\出合翔太\desktop\プログラム\directx\shootinggamevermaster\release\shootinggamevermaster.iobj
c:\users\出合翔太\desktop\プログラム\directx\shootinggamevermaster\release\shooting.4247f152.tlog\cl.command.1.tlog
c:\users\出合翔太\desktop\プログラム\directx\shootinggamevermaster\release\shooting.4247f152.tlog\cl.read.1.tlog
c:\users\出合翔太\desktop\プログラム\directx\shootinggamevermaster\release\shooting.4247f152.tlog\cl.write.1.tlog
c:\users\出合翔太\desktop\プログラム\directx\shootinggamevermaster\release\shooting.4247f152.tlog\link.command.1.tlog
c:\users\出合翔太\desktop\プログラム\directx\shootinggamevermaster\release\shooting.4247f152.tlog\link.read.1.tlog
c:\users\出合翔太\desktop\プログラム\directx\shootinggamevermaster\release\shooting.4247f152.tlog\link.write.1.tlog
c:\users\出合翔太\desktop\プログラム\directx\shootinggamevermaster\release\shooting.4247f152.tlog\shootinggamevermaster.write.1u.tlog
